{"/home/gustavofs/Training/javascript/Exercise 1/HelloWorld.js": {"path":"/home/gustavofs/Training/javascript/Exercise 1/HelloWorld.js","statementMap":{"0":{"start":{"line":2,"column":4},"end":{"line":2,"column":26}},"1":{"start":{"line":4,"column":0},"end":{"line":4,"column":34}}},"fnMap":{"0":{"name":"sayingHelloWorld","decl":{"start":{"line":1,"column":9},"end":{"line":1,"column":25}},"loc":{"start":{"line":1,"column":28},"end":{"line":3,"column":1}},"line":1}},"branchMap":{},"s":{"0":1,"1":1},"f":{"0":1},"b":{},"_coverageSchema":"1a1c01bbd47fc00a2c39e90264f33305004495a9","hash":"e977dd4f611d13f9e4f5dd157bd623cfe7a790f7"}
}
